C51 COMPILER V9.59.0.0   MAIN                                                              04/04/2022 23:05:42 PAGE 1   


C51 COMPILER V9.59.0.0, COMPILATION OF MODULE MAIN
OBJECT MODULE PLACED IN main.OBJ
COMPILER INVOKED BY: D:\keil5\C51\BIN\C51.EXE main.c OPTIMIZE(8,SPEED) BROWSE DEBUG OBJECTEXTEND

line level    source

   1          #include <reg51.h>
   2          #include "LCD12864.h"
   3          
   4          void delay10(void) //延时10ms
   5          {
   6   1              unsigned char i,j;
   7   1              for(i=0;i<255;i++)
   8   1              for(j=0;j<200;j++);
   9   1      }
  10          void delay5ms(void)   //误差 0us
  11          {
  12   1          unsigned char a,b;
  13   1          for(b=19;b>0;b--)
  14   1              for(a=130;a>0;a--);
  15   1      }
  16          
  17          
  18          
  19          void digplaystart() {//开机显示
  20   1              uchar i=0;
  21   1                      ShowChina(2,64-16*1.5,0);
  22   1                      ShowChina(2,64-16*0.5,1);
  23   1                      ShowChina(2,64+16*0.5,2);
  24   1                      ShowChina(2,64+16*1.5,3);
  25   1              for (i=0;i<10;i++) {
  26   2              ShowNumber(4,32+8*i,16);           
  27   2                      delay5ms();
  28   2                      delay5ms();
  29   2              }
  30   1      }
  31          void main(void) 
  32          {       
  33   1              InitLCD();        //初始化LCD12864
  34   1              digplaystart();
  35   1              delay5ms();//保持稳定
  36   1              ClearScreen(1);
  37   1              ClearScreen(2); 
  38   1      
  39   1                ShowChina(0,0,4);//单
  40   1                ShowChina(0,16,5);//价
  41   1                      ShowChina(3,32,10);//:
  42   1                      ShowChina(3,0,8);//容
  43   1                ShowChina(3,16,9);//量
  44   1                      ShowChina(6,32,10);//:
  45   1                      ShowChina(6,0,6);//金
  46   1                ShowChina(6,16,7);//额
  47   1                ShowChina(0,32,10);//:
  48   1              
  49   1              while(1)
  50   1              {
  51   2                      
  52   2              }
  53   1      }


C51 COMPILER V9.59.0.0   MAIN                                                              04/04/2022 23:05:42 PAGE 2   

MODULE INFORMATION:   STATIC OVERLAYABLE
   CODE SIZE        =    242    ----
   CONSTANT SIZE    =   ----    ----
   XDATA SIZE       =   ----    ----
   PDATA SIZE       =   ----    ----
   DATA SIZE        =   ----       1
   IDATA SIZE       =   ----    ----
   BIT SIZE         =   ----    ----
END OF MODULE INFORMATION.


C51 COMPILATION COMPLETE.  0 WARNING(S),  0 ERROR(S)
