C51 COMPILER V9.59.0.0   DELAY                                                             04/07/2022 16:25:20 PAGE 1   


C51 COMPILER V9.59.0.0, COMPILATION OF MODULE DELAY
OBJECT MODULE PLACED IN .\Objects\delay.obj
COMPILER INVOKED BY: D:\keil5\C51\BIN\C51.EXE Hardware\src\delay.c OPTIMIZE(8,SPEED) BROWSE INCDIR(.\Hardware\src;.\Hard
                    -ware\inc) DEBUG OBJECTEXTEND PRINT(.\Listings\delay.lst) OBJECT(.\Objects\delay.obj)

line level    source

   1          #include <reg52.h>
   2          #include "delay.h"
   3          
   4          void delayms(unsigned int n)  //—” ±nms
   5          {
   6   1          unsigned int i,j;
   7   1          for(j=n;j>0;j--)
   8   1              for(i=112;i>0;i--);
   9   1      
  10   1      }
  11          
  12          //—” ±10*nŒ¢√Î
  13          void delayus(unsigned int n)
  14          {
  15   1          while(n--);
  16   1      }
  17          
  18          void delay10ms(void) //—” ±10ms
  19          {
  20   1          unsigned char i,j;
  21   1          for(i=0; i<255; i++)
  22   1              for(j=0; j<200; j++);
  23   1      }
  24          void delay5ms(void)   //ŒÛ≤Ó0us
  25          {
  26   1          unsigned char a,b;
  27   1          for(b=19; b>0; b--)
  28   1              for(a=130; a>0; a--);
  29   1      }
  30          
  31          //—” ±
  32          void delay(uchar t)
  33          {
  34   1          uchar i,j;
  35   1          for(i=0; i<t; i++)
  36   1              for(j=0; j<110; j++)
  37   1                  ;
  38   1      }
  39          
  40          //—” ±4-5Œ¢√Î
  41          void delay_us()
  42          {
  43   1          ;;;
  44   1      }
  45          


MODULE INFORMATION:   STATIC OVERLAYABLE
   CODE SIZE        =    130    ----
   CONSTANT SIZE    =   ----    ----
   XDATA SIZE       =   ----    ----
   PDATA SIZE       =   ----    ----
   DATA SIZE        =   ----    ----
   IDATA SIZE       =   ----    ----
C51 COMPILER V9.59.0.0   DELAY                                                             04/07/2022 16:25:20 PAGE 2   

   BIT SIZE         =   ----    ----
END OF MODULE INFORMATION.


C51 COMPILATION COMPLETE.  0 WARNING(S),  0 ERROR(S)
