C51 COMPILER V9.59.0.0   DELY                                                              04/06/2022 16:45:26 PAGE 1   


C51 COMPILER V9.59.0.0, COMPILATION OF MODULE DELY
OBJECT MODULE PLACED IN .\Objects\dely.obj
COMPILER INVOKED BY: D:\keil5\C51\BIN\C51.EXE dely.c OPTIMIZE(8,SPEED) BROWSE INCDIR(.\Hardware\src;.\Hardware\inc) DEBU
                    -G OBJECTEXTEND PRINT(.\Listings\dely.lst) OBJECT(.\Objects\dely.obj)

line level    source

   1          #include <reg52.h>
   2          #include "delay.h"
   3          
   4          void delay10ms(void) //—” ±10ms
   5          {
   6   1          unsigned char i,j;
   7   1          for(i=0; i<255; i++)
   8   1              for(j=0; j<200; j++);
   9   1      }
  10          void delay5ms(void)   //ŒÛ≤Ó0us
  11          {
  12   1          unsigned char a,b;
  13   1          for(b=19; b>0; b--)
  14   1              for(a=130; a>0; a--);
  15   1      }
  16          
  17          //—” ±
  18          void delay(uchar t)
  19          {
  20   1          uchar i,j;
  21   1          for(i=0; i<t; i++)
  22   1              for(j=0; j<110; j++)
  23   1                  ;
  24   1      }
  25          
  26          //—” ±4-5Œ¢√Î
  27          void delay_us()
  28          {
  29   1          ;;;
  30   1      }
  31          


MODULE INFORMATION:   STATIC OVERLAYABLE
   CODE SIZE        =     89    ----
   CONSTANT SIZE    =   ----    ----
   XDATA SIZE       =   ----    ----
   PDATA SIZE       =   ----    ----
   DATA SIZE        =   ----    ----
   IDATA SIZE       =   ----    ----
   BIT SIZE         =   ----    ----
END OF MODULE INFORMATION.


C51 COMPILATION COMPLETE.  0 WARNING(S),  0 ERROR(S)
